<?xml version="1.0" encoding="UTF-8"?>
<!-- Generated by org.testng.reporters.JUnitReportReporter -->
<testsuite hostname="CTLINDT-0216" name="com.javacodegeeks.testng.maven.getSingleUser" tests="1" failures="0" timestamp="22 Jun 2018 07:34:51 GMT" time="0.059" errors="0">
  <testcase name="GetUser" time="0.059" classname="com.javacodegeeks.testng.maven.getSingleUser"/>
</testsuite> <!-- com.javacodegeeks.testng.maven.getSingleUser -->
