<?xml version="1.0" encoding="UTF-8"?>
<!-- Generated by org.testng.reporters.JUnitReportReporter -->
<testsuite hostname="CTLINDT-0216" name="com.javacodegeeks.testng.maven.GetData" tests="2" failures="0" timestamp="22 Jun 2018 07:34:51 GMT" time="1.684" errors="0">
  <testcase name="testResponseCode" time="0.900" classname="com.javacodegeeks.testng.maven.GetData"/>
  <testcase name="testBody" time="0.784" classname="com.javacodegeeks.testng.maven.GetData"/>
</testsuite> <!-- com.javacodegeeks.testng.maven.GetData -->
