<?xml version="1.0" encoding="UTF-8"?>
<!-- Generated by org.testng.reporters.JUnitReportReporter -->
<testsuite hostname="CTLINDT-0216" name="com.javacodegeeks.testng.maven.getSingleUserGherkin" tests="2" failures="0" timestamp="22 Jun 2018 07:34:51 GMT" time="0.145" errors="0">
  <testcase name="testGetSingleUser_XML" time="0.068" classname="com.javacodegeeks.testng.maven.getSingleUserGherkin"/>
  <testcase name="testGetSingleUser_Json" time="0.077" classname="com.javacodegeeks.testng.maven.getSingleUserGherkin"/>
</testsuite> <!-- com.javacodegeeks.testng.maven.getSingleUserGherkin -->
