<?xml version="1.0" encoding="UTF-8"?>
<!-- Generated by org.testng.reporters.JUnitReportReporter -->
<testsuite hostname="CTLINDT-0216" name="com.javacodegeeks.testng.maven.TestNgMavenExample" tests="1" failures="0" timestamp="22 Jun 2018 07:34:51 GMT" time="0.000" errors="0">
  <testcase name="exampleOfTestNgMaven" time="0.000" classname="com.javacodegeeks.testng.maven.TestNgMavenExample"/>
</testsuite> <!-- com.javacodegeeks.testng.maven.TestNgMavenExample -->
