<?xml version="1.0" encoding="UTF-8"?>
<!-- Generated by org.testng.reporters.JUnitReportReporter -->
<testsuite hostname="CTLINDT-0216" name="com.javacodegeeks.testng.maven.FindUsingGroovyClosure" tests="1" failures="0" timestamp="22 Jun 2018 07:34:51 GMT" time="0.408" errors="0">
  <testcase name="testFindUsingGroovyClosure" time="0.408" classname="com.javacodegeeks.testng.maven.FindUsingGroovyClosure"/>
</testsuite> <!-- com.javacodegeeks.testng.maven.FindUsingGroovyClosure -->
